<?xml version="1.0" encoding="UTF-8"?>
<!-- Generated by org.testng.reporters.JUnitReportReporter -->
<testsuite hostname="Ayush" failures="0" tests="5" name="testNG_Basics.Invocation_Count_Attribute" time="0.033" errors="0" timestamp="2023-11-03T11:18:28 IST" skipped="0">
  <testcase classname="testNG_Basics.Invocation_Count_Attribute" name="register" time="0.003">
    <system-out>
      <![CDATA[Executing register....]]>
    </system-out>
  </testcase> <!-- register -->
  <testcase classname="testNG_Basics.Invocation_Count_Attribute" name="register" time="0.005">
    <system-out>
      <![CDATA[Executing register....]]>
    </system-out>
  </testcase> <!-- register -->
  <testcase classname="testNG_Basics.Invocation_Count_Attribute" name="register" time="0.002">
    <system-out>
      <![CDATA[Executing register....]]>
    </system-out>
  </testcase> <!-- register -->
  <testcase classname="testNG_Basics.Invocation_Count_Attribute" name="register" time="0.003">
    <system-out>
      <![CDATA[Executing register....]]>
    </system-out>
  </testcase> <!-- register -->
  <testcase classname="testNG_Basics.Invocation_Count_Attribute" name="register" time="0.020">
    <system-out>
      <![CDATA[Executing register....]]>
    </system-out>
  </testcase> <!-- register -->
  <system-out>
    <![CDATA[Executing register....
Executing register....
Executing register....
Executing register....
Executing register....]]>
  </system-out>
</testsuite> <!-- testNG_Basics.Invocation_Count_Attribute -->
