<?xml version="1.0" encoding="UTF-8"?>
<!-- Generated by org.testng.reporters.JUnitReportReporter -->
<testsuite hostname="Ayush" failures="0" tests="3" name="testNG_Basics.First_TestNG_Class" time="0.018" errors="0" timestamp="2023-11-06T16:00:01 IST" skipped="0">
  <testcase classname="testNG_Basics.First_TestNG_Class" name="search" time="0.002">
    <system-out>
      <![CDATA[Executing search test]]>
    </system-out>
  </testcase> <!-- search -->
  <testcase classname="testNG_Basics.First_TestNG_Class" name="register" time="0.002">
    <system-out>
      <![CDATA[Executing register....]]>
    </system-out>
  </testcase> <!-- register -->
  <testcase classname="testNG_Basics.First_TestNG_Class" name="login" time="0.014">
    <system-out>
      <![CDATA[Executing login test]]>
    </system-out>
  </testcase> <!-- login -->
  <system-out>
    <![CDATA[Executing login test
Executing register....
Executing search test]]>
  </system-out>
</testsuite> <!-- testNG_Basics.First_TestNG_Class -->
