<?xml version="1.0" encoding="UTF-8"?>
<!-- Generated by org.testng.reporters.JUnitReportReporter -->
<testsuite hostname="Ayush" failures="0" tests="3" name="testNG_Basics.Depends_On_Methods_Attribute" time="0.048" errors="0" timestamp="2023-11-01T11:07:52 IST" skipped="0">
  <testcase classname="testNG_Basics.Depends_On_Methods_Attribute" name="search" time="0.005">
    <system-out>
      <![CDATA[Executing search test]]>
    </system-out>
  </testcase> <!-- search -->
  <testcase classname="testNG_Basics.Depends_On_Methods_Attribute" name="register" time="0.038">
    <system-out>
      <![CDATA[Executing register....]]>
    </system-out>
  </testcase> <!-- register -->
  <testcase classname="testNG_Basics.Depends_On_Methods_Attribute" name="login" time="0.005">
    <system-out>
      <![CDATA[Executing login test]]>
    </system-out>
  </testcase> <!-- login -->
  <system-out>
    <![CDATA[Executing register....
Executing login test
Executing search test]]>
  </system-out>
</testsuite> <!-- testNG_Basics.Depends_On_Methods_Attribute -->
