<?xml version="1.0" encoding="UTF-8"?>
<!-- Generated by org.testng.reporters.JUnitReportReporter -->
<testsuite hostname="Ayush" failures="0" tests="5" name="testNG_Basics.Parallel_Execution" time="35.103" errors="0" timestamp="2023-11-07T12:28:25 IST" skipped="0">
  <testcase classname="testNG_Basics.Parallel_Execution" name="register" time="7.020">
    <system-out>
      <![CDATA[Executing register....]]>
    </system-out>
  </testcase> <!-- register -->
  <testcase classname="testNG_Basics.Parallel_Execution" name="register" time="7.024">
    <system-out>
      <![CDATA[Executing register....]]>
    </system-out>
  </testcase> <!-- register -->
  <testcase classname="testNG_Basics.Parallel_Execution" name="register" time="7.020">
    <system-out>
      <![CDATA[Executing register....]]>
    </system-out>
  </testcase> <!-- register -->
  <testcase classname="testNG_Basics.Parallel_Execution" name="register" time="7.019">
    <system-out>
      <![CDATA[Executing register....]]>
    </system-out>
  </testcase> <!-- register -->
  <testcase classname="testNG_Basics.Parallel_Execution" name="register" time="7.020">
    <system-out>
      <![CDATA[Executing register....]]>
    </system-out>
  </testcase> <!-- register -->
  <system-out>
    <![CDATA[Executing register....
Executing register....
Executing register....
Executing register....
Executing register....]]>
  </system-out>
</testsuite> <!-- testNG_Basics.Parallel_Execution -->
