<?xml version="1.0" encoding="UTF-8"?>
<!-- Generated by org.testng.reporters.JUnitReportReporter -->
<testsuite hostname="Ayush" failures="0" tests="3" name="testNG_Basics.Priority_Attribute" time="0.022" errors="0" timestamp="2023-11-03T11:16:07 IST" skipped="0">
  <testcase classname="testNG_Basics.Priority_Attribute" name="register" time="0.018">
    <system-out>
      <![CDATA[Executing register....]]>
    </system-out>
  </testcase> <!-- register -->
  <testcase classname="testNG_Basics.Priority_Attribute" name="login" time="0.002">
    <system-out>
      <![CDATA[Executing login test]]>
    </system-out>
  </testcase> <!-- login -->
  <testcase classname="testNG_Basics.Priority_Attribute" name="search" time="0.002">
    <system-out>
      <![CDATA[Executing search test]]>
    </system-out>
  </testcase> <!-- search -->
  <system-out>
    <![CDATA[Executing register....
Executing login test
Executing search test]]>
  </system-out>
</testsuite> <!-- testNG_Basics.Priority_Attribute -->
