<?xml version="1.0" encoding="UTF-8"?>
<!-- Generated by org.testng.reporters.JUnitReportReporter -->
<testsuite hostname="Ayush" failures="0" tests="3" name="testNG_Basics.Enabled_Attribute" time="0.018" errors="0" timestamp="2023-11-03T11:17:51 IST" skipped="1">
  <testcase classname="testNG_Basics.Enabled_Attribute" name="register" time="0.016">
    <system-out>
      <![CDATA[Executing register....]]>
    </system-out>
  </testcase> <!-- register -->
  <testcase classname="testNG_Basics.Enabled_Attribute" name="login" time="0.002">
    <system-out>
      <![CDATA[Executing login test]]>
    </system-out>
  </testcase> <!-- login -->
  <testcase classname="testNG_Basics.Enabled_Attribute" name="search">
    <skipped/>
  </testcase> <!-- search -->
  <system-out>
    <![CDATA[Executing register....
Executing login test]]>
  </system-out>
</testsuite> <!-- testNG_Basics.Enabled_Attribute -->
