<?xml version="1.0" encoding="UTF-8"?>
<!-- Generated by org.testng.reporters.JUnitReportReporter -->
<testsuite hostname="Ayush" failures="0" tests="1" name="testNG_Test_Cases.Register_Test_Case" time="0.048" errors="0" timestamp="2023-11-01T22:26:30 IST" skipped="0">
  <testcase classname="testNG_Test_Cases.Register_Test_Case" name="register" time="0.048"/>
</testsuite> <!-- testNG_Test_Cases.Register_Test_Case -->
